<?xml version="1.0" encoding="utf-8"?><testsuites><testsuite name="pytest" errors="0" failures="0" skipped="0" tests="3" time="1.509" timestamp="2025-05-12T08:51:22.275352" hostname="laptop-2"><testcase classname="tests.functional.test_api_functionality" name="test_error_handling_endpoints" time="0.094" /><testcase classname="tests.functional.test_api_functionality" name="test_monitoring_endpoints" time="0.024" /><testcase classname="tests.functional.test_api_functionality" name="test_ai_endpoints" time="0.032" /></testsuite></testsuites>